src/entry/configReadonly.ts(5,33): error TS7006: Parameter 'options' implicitly has an 'any' type.
src/expression/node/utils/access.ts(16,27): error TS7006: Parameter 'object' implicitly has an 'any' type.
src/expression/node/utils/access.ts(16,35): error TS7006: Parameter 'index' implicitly has an 'any' type.
src/expression/node/utils/assign.ts(19,27): error TS7006: Parameter 'object' implicitly has an 'any' type.
src/expression/node/utils/assign.ts(19,35): error TS7006: Parameter 'index' implicitly has an 'any' type.
src/expression/node/utils/assign.ts(19,42): error TS7006: Parameter 'value' implicitly has an 'any' type.
src/expression/node/utils/assign.ts(25,25): error TS7006: Parameter 'item' implicitly has an 'any' type.
src/expression/node/utils/assign.ts(25,31): error TS7006: Parameter 'index' implicitly has an 'any' type.
src/expression/operators.ts(269,23): error TS7006: Parameter '_node' implicitly has an 'any' type.
src/expression/operators.ts(269,30): error TS7006: Parameter 'parenthesis' implicitly has an 'any' type.
src/expression/operators.ts(287,32): error TS7006: Parameter '_node' implicitly has an 'any' type.
src/expression/operators.ts(287,39): error TS7006: Parameter 'parenthesis' implicitly has an 'any' type.
src/expression/operators.ts(287,52): error TS7006: Parameter 'implicit' implicitly has an 'any' type.
src/expression/operators.ts(287,62): error TS7006: Parameter 'parent' implicitly has an 'any' type.
src/expression/operators.ts(329,35): error TS7006: Parameter '_node' implicitly has an 'any' type.
src/expression/operators.ts(329,42): error TS7006: Parameter 'parenthesis' implicitly has an 'any' type.
src/expression/operators.ts(368,36): error TS7006: Parameter 'nodeA' implicitly has an 'any' type.
src/expression/operators.ts(368,43): error TS7006: Parameter 'nodeB' implicitly has an 'any' type.
src/expression/operators.ts(368,50): error TS7006: Parameter 'parenthesis' implicitly has an 'any' type.
src/expression/operators.ts(404,30): error TS7006: Parameter 'fn' implicitly has an 'any' type.
src/expression/transform/utils/compileInlineExpression.ts(12,42): error TS7006: Parameter 'expression' implicitly has an 'any' type.
src/expression/transform/utils/compileInlineExpression.ts(12,54): error TS7006: Parameter 'math' implicitly has an 'any' type.
src/expression/transform/utils/compileInlineExpression.ts(12,60): error TS7006: Parameter 'scope' implicitly has an 'any' type.
src/expression/transform/utils/compileInlineExpression.ts(14,46): error TS7006: Parameter 'node' implicitly has an 'any' type.
src/expression/transform/utils/compileInlineExpression.ts(29,37): error TS7006: Parameter 'x' implicitly has an 'any' type.
src/expression/transform/utils/dimToZeroBase.ts(5,32): error TS7006: Parameter 'dim' implicitly has an 'any' type.
src/expression/transform/utils/dimToZeroBase.ts(15,38): error TS7006: Parameter 'n' implicitly has an 'any' type.
src/expression/transform/utils/errorTransform.ts(8,33): error TS7006: Parameter 'err' implicitly has an 'any' type.
src/expression/transform/utils/lastDimToZeroBase.ts(6,36): error TS7006: Parameter 'args' implicitly has an 'any' type.
src/expression/transform/utils/transformCallback.ts(22,20): error TS7006: Parameter 'callback' implicitly has an 'any' type.
src/expression/transform/utils/transformCallback.ts(22,30): error TS7006: Parameter 'numberOfArrays' implicitly has an 'any' type.
src/expression/transform/utils/transformCallback.ts(37,45): error TS7006: Parameter 'typedFunction' implicitly has an 'any' type.
src/expression/transform/utils/transformCallback.ts(37,60): error TS7006: Parameter 'numberOfArrays' implicitly has an 'any' type.
src/expression/transform/utils/transformCallback.ts(70,38): error TS7006: Parameter 'callbackFunction' implicitly has an 'any' type.
src/expression/transform/utils/transformCallback.ts(70,56): error TS7006: Parameter 'numberOfCallbackInputs' implicitly has an 'any' type.
src/expression/transform/utils/transformCallback.ts(70,80): error TS7006: Parameter 'numberOfArrays' implicitly has an 'any' type.
src/expression/transform/utils/transformCallback.ts(97,26): error TS7006: Parameter 'dims' implicitly has an 'any' type.
src/expression/transform/utils/transformCallback.ts(98,19): error TS7006: Parameter 'dim' implicitly has an 'any' type.
src/factoriesNumber.ts(339,31): error TS7006: Parameter 'name' implicitly has an 'any' type.
src/factoriesNumber.ts(339,37): error TS7006: Parameter 'fn' implicitly has an 'any' type.
src/factoriesNumber.ts(342,48): error TS7006: Parameter 'name' implicitly has an 'any' type.
src/factoriesNumber.ts(342,54): error TS7006: Parameter 'fn' implicitly has an 'any' type.
src/function/bitwise/bitNot.ts(38,41): error TS7006: Parameter 'self' implicitly has an 'any' type.
src/function/bitwise/leftShift.ts(67,61): error TS7006: Parameter 'self' implicitly has an 'any' type.
src/function/bitwise/leftShift.ts(75,60): error TS7006: Parameter 'self' implicitly has an 'any' type.
src/function/bitwise/leftShift.ts(83,61): error TS7006: Parameter 'self' implicitly has an 'any' type.
src/function/bitwise/leftShift.ts(91,60): error TS7006: Parameter 'self' implicitly has an 'any' type.
src/function/bitwise/rightArithShift.ts(67,61): error TS7006: Parameter 'self' implicitly has an 'any' type.
src/function/bitwise/rightArithShift.ts(75,60): error TS7006: Parameter 'self' implicitly has an 'any' type.
src/function/bitwise/rightArithShift.ts(83,61): error TS7006: Parameter 'self' implicitly has an 'any' type.
src/function/bitwise/rightArithShift.ts(91,60): error TS7006: Parameter 'self' implicitly has an 'any' type.
src/function/bitwise/rightLogShift.ts(65,61): error TS7006: Parameter 'self' implicitly has an 'any' type.
src/function/bitwise/rightLogShift.ts(73,60): error TS7006: Parameter 'self' implicitly has an 'any' type.
src/function/bitwise/rightLogShift.ts(81,61): error TS7006: Parameter 'self' implicitly has an 'any' type.
src/function/bitwise/rightLogShift.ts(89,60): error TS7006: Parameter 'self' implicitly has an 'any' type.
src/function/bitwise/useMatrixForArrayScalar.ts(13,5): error TS7006: Parameter 'selfDn' implicitly has an 'any' type.
src/function/bitwise/useMatrixForArrayScalar.ts(13,16): error TS7006: Parameter 'x' implicitly has an 'any' type.
src/function/bitwise/useMatrixForArrayScalar.ts(13,19): error TS7006: Parameter 'y' implicitly has an 'any' type.
src/function/bitwise/useMatrixForArrayScalar.ts(16,5): error TS7006: Parameter 'selfDB' implicitly has an 'any' type.
src/function/bitwise/useMatrixForArrayScalar.ts(16,16): error TS7006: Parameter 'x' implicitly has an 'any' type.
src/function/bitwise/useMatrixForArrayScalar.ts(16,19): error TS7006: Parameter 'y' implicitly has an 'any' type.
src/function/bitwise/useMatrixForArrayScalar.ts(19,5): error TS7006: Parameter 'selfnD' implicitly has an 'any' type.
src/function/bitwise/useMatrixForArrayScalar.ts(19,16): error TS7006: Parameter 'x' implicitly has an 'any' type.
src/function/bitwise/useMatrixForArrayScalar.ts(19,19): error TS7006: Parameter 'y' implicitly has an 'any' type.
src/function/bitwise/useMatrixForArrayScalar.ts(22,5): error TS7006: Parameter 'selfBD' implicitly has an 'any' type.
src/function/bitwise/useMatrixForArrayScalar.ts(22,16): error TS7006: Parameter 'x' implicitly has an 'any' type.
src/function/bitwise/useMatrixForArrayScalar.ts(22,19): error TS7006: Parameter 'y' implicitly has an 'any' type.
src/function/matrix/diff.ts(85,55): error TS7006: Parameter 'selfAn' implicitly has an 'any' type.
src/function/matrix/diff.ts(86,8): error TS7006: Parameter 'arr' implicitly has an 'any' type.
src/function/matrix/diff.ts(86,13): error TS7006: Parameter 'dim' implicitly has an 'any' type.
src/function/matrix/diff.ts(87,57): error TS7006: Parameter 'selfMn' implicitly has an 'any' type.
src/function/matrix/diff.ts(88,8): error TS7006: Parameter 'arr' implicitly has an 'any' type.
src/function/matrix/diff.ts(88,13): error TS7006: Parameter 'dim' implicitly has an 'any' type.
src/function/matrix/diff.ts(99,24): error TS7006: Parameter 'arr' implicitly has an 'any' type.
src/function/matrix/diff.ts(99,29): error TS7006: Parameter 'dim' implicitly has an 'any' type.
src/function/matrix/diff.ts(125,19): error TS7006: Parameter 'arr' implicitly has an 'any' type.
src/function/matrix/diff.ts(141,26): error TS7006: Parameter 'obj1' implicitly has an 'any' type.
src/function/matrix/diff.ts(141,32): error TS7006: Parameter 'obj2' implicitly has an 'any' type.
src/function/matrix/diff.ts(164,24): error TS7006: Parameter 'arr1' implicitly has an 'any' type.
src/function/matrix/diff.ts(164,30): error TS7006: Parameter 'arr2' implicitly has an 'any' type.
src/function/matrix/eigs/complexEigs.ts(499,33): error TS7006: Parameter 'v' implicitly has an 'any' type.
src/function/matrix/eigs/complexEigs.ts(502,26): error TS7006: Parameter 'v' implicitly has an 'any' type.
src/function/matrix/mapSlices.ts(85,22): error TS7006: Parameter 'mat' implicitly has an 'any' type.
src/function/matrix/mapSlices.ts(85,27): error TS7006: Parameter 'dim' implicitly has an 'any' type.
src/function/matrix/mapSlices.ts(85,32): error TS7006: Parameter 'callback' implicitly has an 'any' type.
src/function/matrix/mapSlices.ts(114,19): error TS7006: Parameter 'mat' implicitly has an 'any' type.
src/function/matrix/matrixFromFunction.ts(102,21): error TS7006: Parameter 'size' implicitly has an 'any' type.
src/function/matrix/matrixFromFunction.ts(102,27): error TS7006: Parameter 'fn' implicitly has an 'any' type.
src/function/matrix/matrixFromFunction.ts(102,31): error TS7006: Parameter 'format' implicitly has an 'any' type.
src/function/matrix/matrixFromFunction.ts(102,39): error TS7006: Parameter 'datatype' implicitly has an 'any' type.
src/function/matrix/matrixFromFunction.ts(111,25): error TS7006: Parameter '_' implicitly has an 'any' type.
src/function/matrix/matrixFromFunction.ts(111,28): error TS7006: Parameter 'index' implicitly has an 'any' type.
src/function/matrix/rotate.ts(76,27): error TS7006: Parameter 'v' implicitly has an 'any' type.
src/function/matrix/rotate.ts(76,30): error TS7006: Parameter 'expectedSize' implicitly has an 'any' type.
src/function/matrix/rotationMatrix.ts(134,32): error TS7006: Parameter 'theta' implicitly has an 'any' type.
src/function/matrix/rotationMatrix.ts(134,39): error TS7006: Parameter 'format' implicitly has an 'any' type.
src/function/matrix/rotationMatrix.ts(145,29): error TS7006: Parameter 'v' implicitly has an 'any' type.
src/function/matrix/rotationMatrix.ts(152,18): error TS7006: Parameter 'array' implicitly has an 'any' type.
src/function/matrix/rotationMatrix.ts(153,26): error TS7006: Parameter 'p' implicitly has an 'any' type.
src/function/matrix/rotationMatrix.ts(153,29): error TS7006: Parameter 'curr' implicitly has an 'any' type.
src/function/matrix/rotationMatrix.ts(156,30): error TS7006: Parameter 'data' implicitly has an 'any' type.
src/function/matrix/rotationMatrix.ts(156,36): error TS7006: Parameter 'format' implicitly has an 'any' type.
src/function/matrix/rotationMatrix.ts(178,32): error TS7006: Parameter 'theta' implicitly has an 'any' type.
src/function/matrix/rotationMatrix.ts(178,39): error TS7006: Parameter 'v' implicitly has an 'any' type.
src/function/matrix/rotationMatrix.ts(178,42): error TS7006: Parameter 'format' implicitly has an 'any' type.
src/function/matrix/sort.ts(23,24): error TS7006: Parameter 'a' implicitly has an 'any' type.
src/function/matrix/sort.ts(23,27): error TS7006: Parameter 'b' implicitly has an 'any' type.
src/function/matrix/sort.ts(93,25): error TS7006: Parameter 'order' implicitly has an 'any' type.
src/function/matrix/sort.ts(111,28): error TS7006: Parameter 'array' implicitly has an 'any' type.
src/function/matrix/sort.ts(123,29): error TS7006: Parameter 'matrix' implicitly has an 'any' type.
src/function/probability/lgamma.ts(79,27): error TS7006: Parameter 'n' implicitly has an 'any' type.
src/function/probability/lgamma.ts(104,28): error TS7006: Parameter 'z' implicitly has an 'any' type.
src/function/probability/lgamma.ts(138,30): error TS7006: Parameter 'z' implicitly has an 'any' type.
src/function/probability/util/randomMatrix.ts(7,31): error TS7006: Parameter 'size' implicitly has an 'any' type.
src/function/probability/util/randomMatrix.ts(7,37): error TS7006: Parameter 'random' implicitly has an 'any' type.
src/function/probability/util/seededRNG.ts(5,28): error TS7006: Parameter 'randomSeed' implicitly has an 'any' type.
src/function/probability/util/seededRNG.ts(9,21): error TS7006: Parameter 'seed' implicitly has an 'any' type.
src/function/relational/compareUnits.ts(11,37): error TS7006: Parameter 'self' implicitly has an 'any' type.
src/function/relational/compareUnits.ts(11,46): error TS7006: Parameter 'x' implicitly has an 'any' type.
src/function/relational/compareUnits.ts(11,49): error TS7006: Parameter 'y' implicitly has an 'any' type.
src/function/special/erf.ts(56,41): error TS7006: Parameter 'self' implicitly has an 'any' type.
src/function/statistics/corr.ts(68,19): error TS7006: Parameter 'A' implicitly has an 'any' type.
src/function/statistics/corr.ts(68,22): error TS7006: Parameter 'B' implicitly has an 'any' type.
src/function/statistics/corr.ts(88,25): error TS7006: Parameter 'A' implicitly has an 'any' type.
src/function/statistics/corr.ts(88,28): error TS7006: Parameter 'B' implicitly has an 'any' type.
src/function/statistics/corr.ts(92,29): error TS7006: Parameter 'acc' implicitly has an 'any' type.
src/function/statistics/corr.ts(92,34): error TS7006: Parameter 'x' implicitly has an 'any' type.
src/function/statistics/corr.ts(92,37): error TS7006: Parameter 'index' implicitly has an 'any' type.
src/function/statistics/corr.ts(93,34): error TS7006: Parameter 'x' implicitly has an 'any' type.
src/function/statistics/corr.ts(94,34): error TS7006: Parameter 'y' implicitly has an 'any' type.
src/function/statistics/utils/improveErrorMessage.ts(13,38): error TS7006: Parameter 'err' implicitly has an 'any' type.
src/function/statistics/utils/improveErrorMessage.ts(13,43): error TS7006: Parameter 'fnName' implicitly has an 'any' type.
src/function/statistics/utils/improveErrorMessage.ts(13,51): error TS7006: Parameter 'value' implicitly has an 'any' type.
src/function/trigonometry/cosh.ts(33,28): error TS7006: Parameter 'x' implicitly has an 'any' type.
src/function/trigonometry/sinh.ts(33,28): error TS7006: Parameter 'x' implicitly has an 'any' type.
src/function/trigonometry/tanh.ts(36,28): error TS7006: Parameter 'x' implicitly has an 'any' type.
src/function/trigonometry/trigUnit.ts(11,29): error TS7006: Parameter 'self' implicitly has an 'any' type.
src/function/trigonometry/trigUnit.ts(11,37): error TS7006: Parameter 'x' implicitly has an 'any' type.
src/function/utils/isBounded.ts(49,29): error TS7006: Parameter 'self' implicitly has an 'any' type.
src/function/utils/isBounded.ts(49,37): error TS7006: Parameter 'x' implicitly has an 'any' type.
src/function/utils/isBounded.ts(50,41): error TS7006: Parameter 'self' implicitly has an 'any' type.
src/function/utils/isBounded.ts(50,49): error TS7006: Parameter 'A' implicitly has an 'any' type.
src/function/utils/isBounded.ts(52,22): error TS7006: Parameter 'entry' implicitly has an 'any' type.
src/function/utils/isInteger.ts(48,41): error TS7006: Parameter 'self' implicitly has an 'any' type.
src/function/utils/isInteger.ts(48,49): error TS7006: Parameter 'x' implicitly has an 'any' type.
src/function/utils/isNaN.ts(61,41): error TS7006: Parameter 'self' implicitly has an 'any' type.
src/function/utils/isNaN.ts(61,49): error TS7006: Parameter 'x' implicitly has an 'any' type.
src/function/utils/isNegative.ts(51,29): error TS7006: Parameter 'self' implicitly has an 'any' type.
src/function/utils/isNegative.ts(52,7): error TS7006: Parameter 'x' implicitly has an 'any' type.
src/function/utils/isNegative.ts(54,41): error TS7006: Parameter 'self' implicitly has an 'any' type.
src/function/utils/isNegative.ts(54,49): error TS7006: Parameter 'x' implicitly has an 'any' type.
src/function/utils/isNumeric.ts(49,41): error TS7006: Parameter 'self' implicitly has an 'any' type.
src/function/utils/isNumeric.ts(49,49): error TS7006: Parameter 'x' implicitly has an 'any' type.
src/function/utils/isPositive.ts(54,29): error TS7006: Parameter 'self' implicitly has an 'any' type.
src/function/utils/isPositive.ts(55,7): error TS7006: Parameter 'x' implicitly has an 'any' type.
src/function/utils/isPositive.ts(57,41): error TS7006: Parameter 'self' implicitly has an 'any' type.
src/function/utils/isPositive.ts(57,49): error TS7006: Parameter 'x' implicitly has an 'any' type.
src/function/utils/isPrime.ts(129,41): error TS7006: Parameter 'self' implicitly has an 'any' type.
src/function/utils/isPrime.ts(129,49): error TS7006: Parameter 'x' implicitly has an 'any' type.
src/function/utils/isZero.ts(46,29): error TS7006: Parameter 'self' implicitly has an 'any' type.
src/function/utils/isZero.ts(47,7): error TS7006: Parameter 'x' implicitly has an 'any' type.
src/function/utils/isZero.ts(49,41): error TS7006: Parameter 'self' implicitly has an 'any' type.
src/function/utils/isZero.ts(49,49): error TS7006: Parameter 'x' implicitly has an 'any' type.
src/json/replacer.ts(19,29): error TS7006: Parameter 'key' implicitly has an 'any' type.
src/json/replacer.ts(19,34): error TS7006: Parameter 'value' implicitly has an 'any' type.
src/json/reviver.ts(19,28): error TS7006: Parameter 'key' implicitly has an 'any' type.
src/json/reviver.ts(19,33): error TS7006: Parameter 'value' implicitly has an 'any' type.
src/plain/bignumber/arithmetic.ts(4,31): error TS7006: Parameter 'a' implicitly has an 'any' type.
src/plain/bignumber/arithmetic.ts(9,31): error TS7006: Parameter 'a' implicitly has an 'any' type.
src/plain/bignumber/arithmetic.ts(9,34): error TS7006: Parameter 'b' implicitly has an 'any' type.
src/plain/bignumber/arithmetic.ts(14,36): error TS7006: Parameter 'a' implicitly has an 'any' type.
src/plain/bignumber/arithmetic.ts(14,39): error TS7006: Parameter 'b' implicitly has an 'any' type.
src/plain/bignumber/arithmetic.ts(19,36): error TS7006: Parameter 'a' implicitly has an 'any' type.
src/plain/bignumber/arithmetic.ts(19,39): error TS7006: Parameter 'b' implicitly has an 'any' type.
src/plain/bignumber/arithmetic.ts(24,34): error TS7006: Parameter 'a' implicitly has an 'any' type.
src/plain/bignumber/arithmetic.ts(24,37): error TS7006: Parameter 'b' implicitly has an 'any' type.
src/plain/bignumber/index.ts(9,28): error TS7006: Parameter 'x' implicitly has an 'any' type.
src/type/bigint.ts(67,41): error TS7006: Parameter 'self' implicitly has an 'any' type.
src/type/bigint.ts(67,49): error TS7006: Parameter 'x' implicitly has an 'any' type.
src/type/bigint.ts(75,31): error TS7006: Parameter 'json' implicitly has an 'any' type.
src/type/fraction/function/fraction.ts(85,29): error TS7006: Parameter 'self' implicitly has an 'any' type.
src/type/fraction/function/fraction.ts(95,41): error TS7006: Parameter 'self' implicitly has an 'any' type.
src/type/resultset/ResultSet.ts(13,23): error TS7006: Parameter 'entries' implicitly has an 'any' type.
src/type/resultset/ResultSet.ts(65,34): error TS7006: Parameter 'json' implicitly has an 'any' type.
src/type/unit/physicalConstants.ts(73,23): error TS7006: Parameter 'name' implicitly has an 'any' type.
src/type/unit/physicalConstants.ts(73,29): error TS7006: Parameter 'valueStr' implicitly has an 'any' type.
src/type/unit/physicalConstants.ts(73,39): error TS7006: Parameter 'unitStr' implicitly has an 'any' type.
src/type/unit/physicalConstants.ts(92,25): error TS7006: Parameter 'name' implicitly has an 'any' type.
src/type/unit/physicalConstants.ts(92,31): error TS7006: Parameter 'value' implicitly has an 'any' type.
src/utils/bigint.ts(17,35): error TS7006: Parameter 'log16' implicitly has an 'any' type.
src/utils/bigint.ts(17,42): error TS7006: Parameter 'numberLog' implicitly has an 'any' type.
src/utils/bigint.ts(17,53): error TS7006: Parameter 'config' implicitly has an 'any' type.
src/utils/bigint.ts(17,61): error TS7006: Parameter 'cplx' implicitly has an 'any' type.
src/utils/bigint.ts(18,20): error TS7006: Parameter 'b' implicitly has an 'any' type.
src/utils/bignumber/constants.ts(8,51): error TS7006: Parameter 'BigNumber' implicitly has an 'any' type.
src/utils/bignumber/constants.ts(17,53): error TS7006: Parameter 'BigNumber' implicitly has an 'any' type.
src/utils/bignumber/constants.ts(26,52): error TS7006: Parameter 'BigNumber' implicitly has an 'any' type.
src/utils/bignumber/constants.ts(35,53): error TS7006: Parameter 'BigNumber' implicitly has an 'any' type.
src/utils/bignumber/constants.ts(47,18): error TS7006: Parameter 'args' implicitly has an 'any' type.
src/utils/bignumber/formatter.ts(11,33): error TS7006: Parameter 'n' implicitly has an 'any' type.
src/utils/bignumber/formatter.ts(11,36): error TS7006: Parameter 'base' implicitly has an 'any' type.
src/utils/bignumber/formatter.ts(11,42): error TS7006: Parameter 'size' implicitly has an 'any' type.
src/utils/bignumber/formatter.ts(122,25): error TS7006: Parameter 'value' implicitly has an 'any' type.
src/utils/bignumber/formatter.ts(122,32): error TS7006: Parameter 'options' implicitly has an 'any' type.
src/utils/bignumber/formatter.ts(195,32): error TS7006: Parameter 'value' implicitly has an 'any' type.
src/utils/bignumber/formatter.ts(195,39): error TS7006: Parameter 'precision' implicitly has an 'any' type.
src/utils/bignumber/formatter.ts(220,32): error TS7006: Parameter 'value' implicitly has an 'any' type.
src/utils/bignumber/formatter.ts(220,39): error TS7006: Parameter 'precision' implicitly has an 'any' type.
src/utils/bignumber/formatter.ts(234,26): error TS7006: Parameter 'value' implicitly has an 'any' type.
src/utils/bignumber/formatter.ts(234,33): error TS7006: Parameter 'precision' implicitly has an 'any' type.
src/utils/bignumber/formatter.ts(238,30): error TS7006: Parameter 'value' implicitly has an 'any' type.
src/utils/bignumber/formatter.ts(238,37): error TS7006: Parameter 'defaultValue' implicitly has an 'any' type.
src/utils/bignumber/nearlyEqual.ts(17,30): error TS7006: Parameter 'a' implicitly has an 'any' type.
src/utils/bignumber/nearlyEqual.ts(17,33): error TS7006: Parameter 'b' implicitly has an 'any' type.
src/utils/complex.ts(12,32): error TS7006: Parameter 'x' implicitly has an 'any' type.
src/utils/complex.ts(12,35): error TS7006: Parameter 'y' implicitly has an 'any' type.
src/utils/complex.ts(12,38): error TS7006: Parameter 'relTol' implicitly has an 'any' type.
src/utils/complex.ts(12,46): error TS7006: Parameter 'absTol' implicitly has an 'any' type.
src/utils/customs.ts(11,27): error TS7006: Parameter 'object' implicitly has an 'any' type.
src/utils/customs.ts(11,35): error TS7006: Parameter 'prop' implicitly has an 'any' type.
src/utils/customs.ts(34,27): error TS7006: Parameter 'object' implicitly has an 'any' type.
src/utils/customs.ts(34,35): error TS7006: Parameter 'prop' implicitly has an 'any' type.
src/utils/customs.ts(34,41): error TS7006: Parameter 'value' implicitly has an 'any' type.
src/utils/customs.ts(51,26): error TS7006: Parameter 'object' implicitly has an 'any' type.
src/utils/customs.ts(51,34): error TS7006: Parameter 'prop' implicitly has an 'any' type.
src/utils/customs.ts(86,25): error TS7006: Parameter 'object' implicitly has an 'any' type.
src/utils/customs.ts(86,33): error TS7006: Parameter 'method' implicitly has an 'any' type.
src/utils/customs.ts(101,24): error TS7006: Parameter 'object' implicitly has an 'any' type.
src/utils/customs.ts(101,32): error TS7006: Parameter 'method' implicitly has an 'any' type.
src/utils/customs.ts(136,25): error TS7006: Parameter 'object' implicitly has an 'any' type.
src/utils/function.ts(20,26): error TS7006: Parameter 'fn' implicitly has an 'any' type.
src/utils/function.ts(64,33): error TS7006: Parameter 'fn' implicitly has an 'any' type.
src/utils/function.ts(64,37): error TS7006: Parameter 'isEqual' implicitly has an 'any' type.
src/utils/latex.ts(252,22): error TS7006: Parameter 'node' implicitly has an 'any' type.
src/utils/latex.ts(252,28): error TS7006: Parameter 'options' implicitly has an 'any' type.
src/utils/latex.ts(302,30): error TS7006: Parameter 'string' implicitly has an 'any' type.
src/utils/latex.ts(308,27): error TS7006: Parameter 'name' implicitly has an 'any' type.
src/utils/latex.ts(308,33): error TS7006: Parameter 'isUnit' implicitly has an 'any' type.
src/utils/lruQueue.ts(4,27): error TS7006: Parameter 'limit' implicitly has an 'any' type.
src/utils/lruQueue.ts(10,25): error TS7006: Parameter 'id' implicitly has an 'any' type.
src/utils/lruQueue.ts(26,20): error TS7006: Parameter 'id' implicitly has an 'any' type.
src/utils/product.ts(5,26): error TS7006: Parameter 'i' implicitly has an 'any' type.
src/utils/product.ts(5,29): error TS7006: Parameter 'n' implicitly has an 'any' type.
src/utils/string.ts(54,25): error TS7006: Parameter 'value' implicitly has an 'any' type.
src/utils/string.ts(54,32): error TS7006: Parameter 'options' implicitly has an 'any' type.
src/utils/string.ts(63,19): error TS7006: Parameter 'value' implicitly has an 'any' type.
src/utils/string.ts(63,26): error TS7006: Parameter 'options' implicitly has an 'any' type.
src/utils/string.ts(120,28): error TS7006: Parameter 'value' implicitly has an 'any' type.
src/utils/string.ts(148,25): error TS7006: Parameter 'value' implicitly has an 'any' type.
src/utils/string.ts(169,23): error TS7006: Parameter 'array' implicitly has an 'any' type.
src/utils/string.ts(169,30): error TS7006: Parameter 'options' implicitly has an 'any' type.
src/utils/string.ts(191,29): error TS7006: Parameter 'value' implicitly has an 'any' type.
src/utils/string.ts(205,30): error TS7006: Parameter 'x' implicitly has an 'any' type.
src/utils/string.ts(205,33): error TS7006: Parameter 'y' implicitly has an 'any' type.
src/utils/switch.ts(7,26): error TS7006: Parameter 'mat' implicitly has an 'any' type.
